SUCCESS: tests.TestLiar.testBig1 completed in 3.108 seconds
SUCCESS: tests.TestLiar.testBig2 completed in 1.323 second
SUCCESS: tests.TestLiar.testBig3 completed in 1.670 second
SUCCESS: tests.TestLiar.testBig4 completed in 2.458 seconds
SUCCESS: tests.TestLiar.testBig5 completed in 3.020 seconds
FAILURE: tests.TestLiar.testBig6 [Worker-1] charpov.grader.TimeoutException: timed out after 30000 milliseconds
SUCCESS: tests.TestLiar.testFields1 completed in 2.5 milliseconds
SUCCESS: tests.TestLiar.testFields2 completed in 0.2 milliseconds
SUCCESS: tests.TestLiar.testGetAnswer1 completed in 0.7 milliseconds
SUCCESS: tests.TestLiar.testGetAnswer10 completed in 55.9 milliseconds
SUCCESS: tests.TestLiar.testGetAnswer11 completed in 14.4 milliseconds
SUCCESS: tests.TestLiar.testGetAnswer2 completed in 0.3 milliseconds
SUCCESS: tests.TestLiar.testGetAnswer3 completed in 0.3 milliseconds
SUCCESS: tests.TestLiar.testGetAnswer4 completed in 0.6 milliseconds
SUCCESS: tests.TestLiar.testGetAnswer5 completed in 0.5 milliseconds
SUCCESS: tests.TestLiar.testGetAnswer6 completed in 1.7 milliseconds
SUCCESS: tests.TestLiar.testGetAnswer7 completed in 0.6 milliseconds
SUCCESS: tests.TestLiar.testGetAnswer8 completed in 28.6 milliseconds
SUCCESS: tests.TestLiar.testGetAnswer9 completed in 13.7 milliseconds
SUCCESS: tests.TestLiar.testHasSolved1 completed in 0.1 milliseconds
SUCCESS: tests.TestLiar.testHasSolved2 completed in 0.1 milliseconds
SUCCESS: tests.TestLiar.testProgress1 completed in 0.1 milliseconds
SUCCESS: tests.TestLiar.testProgress2 completed in 0.2 milliseconds
SUCCESS: tests.TestLiar.testProgress3 completed in 0.3 milliseconds
SUCCESS: tests.TestLiar.testProgress4 completed in 2.5 milliseconds
SUCCESS: tests.TestLiar.testProgress6 completed in 0.2 milliseconds
SUCCESS: tests.TestLiar.testSelectCandidates1 completed in 0.2 milliseconds
SUCCESS: tests.TestLiar.testSelectCandidates2 completed in 0.1 milliseconds
SUCCESS: tests.TestLiar.testSelectCandidates3 completed in 0.2 milliseconds
SUCCESS: tests.TestLiar.testState1 completed in 0.3 milliseconds
SUCCESS: tests.TestLiar.testState2 completed in 0.1 milliseconds
SUCCESS: tests.TestLiar.testState3 completed in 0.1 milliseconds
SUCCESS: tests.TestLiar.testState4 completed in 0.1 milliseconds
SUCCESS: tests.TestLiar.testState5 completed in 0.2 milliseconds
SUCCESS: tests.TestLiar.testState6 completed in 0.2 milliseconds
SUCCESS: tests.TestLiar.testState7 completed in 0.4 milliseconds
SUCCESS: tests.TestLiar.testState8 completed in 0.4 milliseconds
SUCCESS: tests.TestLiar.testState9 completed in 0.3 milliseconds
INFO:    37 tests passed; 1 failed
Total: 99.03846383094788/100
